<?xml version="1.0" encoding="UTF-8"?>
<!-- Generated by org.testng.reporters.JUnitXMLReporter -->
<testsuite hostname="DESKTOP-EV4VKSA" ignored="0" name="Test" tests="6" failures="0" timestamp="25 Dec 2019 11:45:16 GMT" time="0.743" errors="0">
  <testcase name="@BeforeMethod Initialization" time="0.518" classname="test.AmazonePageTest">
    <failure type="java.lang.IllegalStateException" message="The path to the driver executable must be set by the webdriver.chrome.driver system property; for more information, see http://code.google.com/p/selenium/wiki/ChromeDriver. The latest version can be downloaded from http://code.google.com/p/chromedriver/downloads/list">
      <![CDATA[java.lang.IllegalStateException: The path to the driver executable must be set by the webdriver.chrome.driver system property; for more information, see http://code.google.com/p/selenium/wiki/ChromeDriver. The latest version can be downloaded from http://code.google.com/p/chromedriver/downloads/list
at com.google.common.base.Preconditions.checkState(Preconditions.java:176)
at org.openqa.selenium.remote.service.DriverService.findExecutable(DriverService.java:105)
at org.openqa.selenium.chrome.ChromeDriverService.createDefaultService(ChromeDriverService.java:69)
at org.openqa.selenium.chrome.ChromeDriver.<init>(ChromeDriver.java:107)
at test.AmazonePageTest.Initialization(AmazonePageTest.java:17)
... Removed 28 stack frames]]>
    </failure>
  </testcase> <!-- @BeforeMethod Initialization -->
  <testcase name="@AfterMethod tearDown" time="0.0" classname="test.AmazonePageTest">
    <skipped/>
  </testcase> <!-- @AfterMethod tearDown -->
  <testcase name="@BeforeMethod Initialization" time="0.0" classname="test.AmazonePageTest">
    <skipped/>
  </testcase> <!-- @BeforeMethod Initialization -->
  <testcase name="@AfterMethod tearDown" time="0.0" classname="test.AmazonePageTest">
    <skipped/>
  </testcase> <!-- @AfterMethod tearDown -->
  <testcase name="@BeforeMethod Initialization" time="0.0" classname="test.AmazonePageTest">
    <skipped/>
  </testcase> <!-- @BeforeMethod Initialization -->
  <testcase name="@AfterMethod tearDown" time="0.0" classname="test.AmazonePageTest">
    <skipped/>
  </testcase> <!-- @AfterMethod tearDown -->
  <testcase name="@BeforeMethod Initialization" time="0.017" classname="test.FlipkartPageTest">
    <failure type="java.lang.IllegalStateException" message="The path to the driver executable must be set by the webdriver.chrome.driver system property; for more information, see http://code.google.com/p/selenium/wiki/ChromeDriver. The latest version can be downloaded from http://code.google.com/p/chromedriver/downloads/list">
      <![CDATA[java.lang.IllegalStateException: The path to the driver executable must be set by the webdriver.chrome.driver system property; for more information, see http://code.google.com/p/selenium/wiki/ChromeDriver. The latest version can be downloaded from http://code.google.com/p/chromedriver/downloads/list
at com.google.common.base.Preconditions.checkState(Preconditions.java:176)
at org.openqa.selenium.remote.service.DriverService.findExecutable(DriverService.java:105)
at org.openqa.selenium.chrome.ChromeDriverService.createDefaultService(ChromeDriverService.java:69)
at org.openqa.selenium.chrome.ChromeDriver.<init>(ChromeDriver.java:107)
at test.FlipkartPageTest.Initialization(FlipkartPageTest.java:18)
... Removed 28 stack frames]]>
    </failure>
  </testcase> <!-- @BeforeMethod Initialization -->
  <testcase name="@AfterMethod tearDown" time="0.0" classname="test.FlipkartPageTest">
    <skipped/>
  </testcase> <!-- @AfterMethod tearDown -->
  <testcase name="@BeforeMethod Initialization" time="0.0" classname="test.FlipkartPageTest">
    <skipped/>
  </testcase> <!-- @BeforeMethod Initialization -->
  <testcase name="@AfterMethod tearDown" time="0.0" classname="test.FlipkartPageTest">
    <skipped/>
  </testcase> <!-- @AfterMethod tearDown -->
  <testcase name="@BeforeMethod Initialization" time="0.0" classname="test.FlipkartPageTest">
    <skipped/>
  </testcase> <!-- @BeforeMethod Initialization -->
  <testcase name="@AfterMethod tearDown" time="0.0" classname="test.FlipkartPageTest">
    <skipped/>
  </testcase> <!-- @AfterMethod tearDown -->
  <testcase name="GetPrice" time="0.0" classname="test.AmazonePageTest">
    <skipped/>
  </testcase> <!-- GetPrice -->
  <testcase name="SearchTest" time="0.0" classname="test.AmazonePageTest">
    <skipped/>
  </testcase> <!-- SearchTest -->
  <testcase name="SelectItemTest" time="0.0" classname="test.AmazonePageTest">
    <skipped/>
  </testcase> <!-- SelectItemTest -->
  <testcase name="GetPriceTest" time="0.0" classname="test.FlipkartPageTest">
    <skipped/>
  </testcase> <!-- GetPriceTest -->
  <testcase name="SearchTest" time="0.0" classname="test.FlipkartPageTest">
    <skipped/>
  </testcase> <!-- SearchTest -->
  <testcase name="SelectItemTest" time="0.0" classname="test.FlipkartPageTest">
    <skipped/>
  </testcase> <!-- SelectItemTest -->
</testsuite> <!-- Test -->
